<?xml version="1.0" encoding="UTF-8"?>
<!-- Generated by org.testng.reporters.JUnitReportReporter -->
<testsuite hostname="G15" failures="0" tests="3" name="TestNGTests.Testgroup" time="0.012" errors="0" timestamp="2025-01-20T16:35:32 IST" skipped="0">
  <testcase classname="TestNGTests.Testgroup" name="Avengers2" time="0.001"/>
  <system-out/>
  <testcase classname="TestNGTests.Testgroup" name="Avengers3" time="0.001"/>
  <system-out/>
  <testcase classname="TestNGTests.Testgroup" name="Avengers" time="0.010"/>
  <system-out/>
</testsuite> <!-- TestNGTests.Testgroup -->
