<?xml version="1.0" encoding="UTF-8"?>
<!-- Generated by org.testng.reporters.JUnitReportReporter -->
<testsuite hostname="G15" failures="0" tests="4" name="Webauto.checkbox" time="0.304" errors="0" timestamp="2025-01-13T13:31:29 IST" skipped="0">
  <testcase classname="Webauto.checkbox" name="togglecheck" time="0.118"/>
  <system-out/>
  <testcase classname="Webauto.checkbox" name="isenabled" time="0.039"/>
  <system-out/>
  <testcase classname="Webauto.checkbox" name="isselect" time="0.046"/>
  <system-out/>
  <testcase classname="Webauto.checkbox" name="javaclick" time="0.101"/>
  <system-out/>
</testsuite> <!-- Webauto.checkbox -->
