<?xml version="1.0" encoding="UTF-8"?>
<!-- Generated by org.testng.reporters.JUnitReportReporter -->
<testsuite hostname="G15" failures="0" tests="3" name="TestNGTests.Testngbasic" time="0.011" errors="0" timestamp="2025-01-13T18:08:01 IST" skipped="1">
  <testcase classname="TestNGTests.Testngbasic" name="tc_one" time="0.010"/>
  <system-out/>
  <testcase classname="TestNGTests.Testngbasic" name="tc_three" time="0.001"/>
  <system-out/>
  <testcase classname="TestNGTests.Testngbasic" name="tc_two">
    <skipped/>
  </testcase> <!-- tc_two -->
  <system-out/>
</testsuite> <!-- TestNGTests.Testngbasic -->
