<?xml version="1.0" encoding="UTF-8"?>
<!-- Generated by org.testng.reporters.JUnitReportReporter -->
<testsuite hostname="G15" failures="0" tests="4" name="TestNGTests.links_Test" time="1.485" errors="0" timestamp="2025-01-13T18:07:22 IST" skipped="0">
  <testcase classname="TestNGTests.links_Test" name="todash" time="1.186"/>
  <system-out/>
  <testcase classname="TestNGTests.links_Test" name="backtolink" time="0.078"/>
  <system-out/>
  <testcase classname="TestNGTests.links_Test" name="torandom" time="0.044"/>
  <system-out/>
  <testcase classname="TestNGTests.links_Test" name="tobroken" time="0.177"/>
  <system-out/>
</testsuite> <!-- TestNGTests.links_Test -->
