<?xml version="1.0" encoding="UTF-8"?>
<!-- Generated by org.testng.reporters.JUnitReportReporter -->
<testsuite hostname="G15" failures="0" tests="4" name="TestNGTests.textBox_Test" time="0.337" errors="0" timestamp="2025-01-13T18:07:22 IST" skipped="0">
  <testcase classname="TestNGTests.textBox_Test" name="entername" time="0.133"/>
  <system-out/>
  <testcase classname="TestNGTests.textBox_Test" name="addname" time="0.104"/>
  <system-out/>
  <testcase classname="TestNGTests.textBox_Test" name="clearname" time="0.066"/>
  <system-out/>
  <testcase classname="TestNGTests.textBox_Test" name="Printname" time="0.034"/>
  <system-out/>
</testsuite> <!-- TestNGTests.textBox_Test -->
